This file contains any messages produced by compilers while
running configure, to aid debugging if configure makes a mistake.

configure:566: checking for a BSD compatible install
configure:619: checking whether build environment is sane
configure:676: checking whether make sets ${MAKE}
configure:722: checking for working aclocal
configure:735: checking for working autoconf
configure:748: checking for working automake
configure:761: checking for working autoheader
configure:774: checking for working makeinfo
configure:795: checking host system type
configure:816: checking target system type
configure:843: checking whether make sets ${MAKE}
configure:872: checking for gcc
configure:985: checking whether the C compiler (gcc  ) works
configure:1001: gcc -o conftest    conftest.c  1>&5
configure:998:1: warning: type specifier missing, defaults to 'int' [-Wimplicit-int]
main(){return(0);}
^
1 warning generated.
configure:1027: checking whether the C compiler (gcc  ) is a cross-compiler
configure:1032: checking whether we are using GNU C
configure:1041: gcc -E conftest.c
configure:1060: checking whether gcc accepts -g
configure:1103: checking for a BSD compatible install
configure:1199: checking for sdl-config
configure:1234: checking for SDL - version >= 1.0.8
configure:1319: gcc -o conftest -g -O2 -I/opt/homebrew/include/SDL -D_GNU_SOURCE=1 -D_THREAD_SAFE   conftest.c  -L/opt/homebrew/lib -lSDLmain -lSDL -Wl,-framework,Cocoa 1>&5
configure:1406: checking for main in -lSDL_image
configure:1421: gcc -o conftest -g -O2 -I/opt/homebrew/include/SDL -D_GNU_SOURCE=1 -D_THREAD_SAFE   conftest.c -lSDL_image   -L/opt/homebrew/lib -lSDLmain -lSDL -Wl,-framework,Cocoa 1>&5
configure:1447: checking for main in -lSDL_mixer
configure:1462: gcc -o conftest -g -O2 -I/opt/homebrew/include/SDL -D_GNU_SOURCE=1 -D_THREAD_SAFE   conftest.c -lSDL_mixer   -L/opt/homebrew/lib -lSDLmain -lSDL -Wl,-framework,Cocoa -lSDL_image 1>&5
